<?xml version="1.0" encoding="UTF-8"?>
<!-- Generated by org.testng.reporters.JUnitReportReporter -->
<testsuite hostname="Karthick" failures="0" tests="5" name="TestRunner.CucumberTestRunner" time="18.760" errors="0" timestamp="2025-06-29T23:41:22 IST" skipped="0">
  <testcase classname="TestRunner.CucumberTestRunner" name="runScenario" time="5.648"/>
  <testcase classname="TestRunner.CucumberTestRunner" name="runScenario" time="3.254"/>
  <testcase classname="TestRunner.CucumberTestRunner" name="runScenario" time="3.435"/>
  <testcase classname="TestRunner.CucumberTestRunner" name="runScenario" time="2.979"/>
  <testcase classname="TestRunner.CucumberTestRunner" name="runScenario" time="3.444"/>
</testsuite> <!-- TestRunner.CucumberTestRunner -->
